mobile/android/app/build/intermediates/manifest_merge_blame_file/debug/processDebugMainManifest/manifest-merger-blame-debug-report.txt
1<?xml version="1.0" encoding="utf-8"?>
2<manifest xmlns:android="http://schemas.android.com/apk/res/android"
3    package="com.aselco.ph"
4    android:versionCode="1"
5    android:versionName="1.0" >
6
7    <uses-sdk
8        android:minSdkVersion="24"
9        android:targetSdkVersion="36" />
10
11    <uses-permission android:name="android.permission.INTERNET" />
11-->src\main\AndroidManifest.xml:25:5-67
11-->src\main\AndroidManifest.xml:25:22-64
12    <uses-permission android:name="android.permission.POST_NOTIFICATIONS" />
12-->src\main\AndroidManifest.xml:26:5-77
12-->src\main\AndroidManifest.xml:26:22-74
13    <uses-permission android:name="android.permission.VIBRATE" />
13-->[:capacitor-haptics] AndroidManifest.xml:7:5-66
13-->[:capacitor-haptics] AndroidManifest.xml:7:22-63
14    <uses-permission android:name="android.permission.ACCESS_NETWORK_STATE" />
14-->[com.google.firebase:firebase-messaging:25.0.1] AndroidManifest.xml:22:5-79
14-->[com.google.firebase:firebase-messaging:25.0.1] AndroidManifest.xml:22:22-76
15    <uses-permission android:name="android.permission.WAKE_LOCK" /> <!-- Required by older versions of Google Play services to create IID tokens -->
15-->[com.google.firebase:firebase-messaging:25.0.1] AndroidManifest.xml:24:5-68
15-->[com.google.firebase:firebase-messaging:25.0.1] AndroidManifest.xml:24:22-65
16    <uses-permission android:name="com.google.android.c2dm.permission.RECEIVE" />
16-->[com.google.firebase:firebase-messaging:25.0.1] AndroidManifest.xml:26:5-82
16-->[com.google.firebase:firebase-messaging:25.0.1] AndroidManifest.xml:26:22-79
17
18    <permission
18-->[androidx.core:core:1.17.0] AndroidManifest.xml:22:5-24:47
19        android:name="com.aselco.ph.DYNAMIC_RECEIVER_NOT_EXPORTED_PERMISSION"
19-->[androidx.core:core:1.17.0] AndroidManifest.xml:23:9-81
20        android:protectionLevel="signature" />
20-->[androidx.core:core:1.17.0] AndroidManifest.xml:24:9-44
21
22    <uses-permission android:name="com.aselco.ph.DYNAMIC_RECEIVER_NOT_EXPORTED_PERMISSION" />
22-->[androidx.core:core:1.17.0] AndroidManifest.xml:26:5-97
22-->[androidx.core:core:1.17.0] AndroidManifest.xml:26:22-94
23
24    <application
24-->src\main\AndroidManifest.xml:4:5-23:19
25        android:allowBackup="true"
25-->src\main\AndroidManifest.xml:5:9-35
26        android:appComponentFactory="androidx.core.app.CoreComponentFactory"
26-->[androidx.core:core:1.17.0] AndroidManifest.xml:28:18-86
27        android:debuggable="true"
28        android:extractNativeLibs="false"
29        android:label="@string/app_name"
29-->src\main\AndroidManifest.xml:6:9-41
30        android:supportsRtl="true"
30-->src\main\AndroidManifest.xml:7:9-35
31        android:testOnly="true"
32        android:theme="@style/AppTheme" >
32-->src\main\AndroidManifest.xml:8:9-40
33        <activity
33-->src\main\AndroidManifest.xml:10:9-22:20
34            android:name="io.ionic.starter.MainActivity"
34-->src\main\AndroidManifest.xml:11:13-41
35            android:configChanges="orientation|keyboardHidden|keyboard|screenSize|locale|smallestScreenSize|screenLayout|uiMode|navigation|density"
35-->src\main\AndroidManifest.xml:12:13-148
36            android:exported="true"
36-->src\main\AndroidManifest.xml:13:13-36
37            android:label="@string/title_activity_main"
37-->src\main\AndroidManifest.xml:14:13-56
38            android:launchMode="singleTask"
38-->src\main\AndroidManifest.xml:15:13-44
39            android:theme="@style/AppTheme.NoActionBarLaunch" >
39-->src\main\AndroidManifest.xml:16:13-62
40            <intent-filter>
40-->src\main\AndroidManifest.xml:18:13-21:29
41                <action android:name="android.intent.action.MAIN" />
41-->src\main\AndroidManifest.xml:19:17-69
41-->src\main\AndroidManifest.xml:19:25-66
42
43                <category android:name="android.intent.category.LAUNCHER" />
43-->src\main\AndroidManifest.xml:20:17-77
43-->src\main\AndroidManifest.xml:20:27-74
44            </intent-filter>
45        </activity>
46
47        <service
47-->[:capacitor-push-notifications] AndroidManifest.xml:8:9-14:19
48            android:name="com.capacitorjs.plugins.pushnotifications.MessagingService"
48-->[:capacitor-push-notifications] AndroidManifest.xml:9:13-86
49            android:exported="false" >
49-->[:capacitor-push-notifications] AndroidManifest.xml:10:13-37
50            <intent-filter>
50-->[:capacitor-push-notifications] AndroidManifest.xml:11:13-13:29
51                <action android:name="com.google.firebase.MESSAGING_EVENT" />
51-->[:capacitor-push-notifications] AndroidManifest.xml:12:17-78
51-->[:capacitor-push-notifications] AndroidManifest.xml:12:25-75
52            </intent-filter>
53        </service>
54
55        <receiver
55-->[com.google.firebase:firebase-messaging:25.0.1] AndroidManifest.xml:29:9-40:20
56            android:name="com.google.firebase.iid.FirebaseInstanceIdReceiver"
56-->[com.google.firebase:firebase-messaging:25.0.1] AndroidManifest.xml:30:13-78
57            android:exported="true"
57-->[com.google.firebase:firebase-messaging:25.0.1] AndroidManifest.xml:31:13-36
58            android:permission="com.google.android.c2dm.permission.SEND" >
58-->[com.google.firebase:firebase-messaging:25.0.1] AndroidManifest.xml:32:13-73
59            <intent-filter>
59-->[com.google.firebase:firebase-messaging:25.0.1] AndroidManifest.xml:33:13-35:29
60                <action android:name="com.google.android.c2dm.intent.RECEIVE" />
60-->[com.google.firebase:firebase-messaging:25.0.1] AndroidManifest.xml:34:17-81
60-->[com.google.firebase:firebase-messaging:25.0.1] AndroidManifest.xml:34:25-78
61            </intent-filter>
62
63            <meta-data
63-->[com.google.firebase:firebase-messaging:25.0.1] AndroidManifest.xml:37:13-39:40
64                android:name="com.google.android.gms.cloudmessaging.FINISHED_AFTER_HANDLED"
64-->[com.google.firebase:firebase-messaging:25.0.1] AndroidManifest.xml:38:17-92
65                android:value="true" />
65-->[com.google.firebase:firebase-messaging:25.0.1] AndroidManifest.xml:39:17-37
66        </receiver>
67        <!--
68             FirebaseMessagingService performs security checks at runtime,
69             but set to not exported to explicitly avoid allowing another app to call it.
70        -->
71        <service
71-->[com.google.firebase:firebase-messaging:25.0.1] AndroidManifest.xml:46:9-53:19
72            android:name="com.google.firebase.messaging.FirebaseMessagingService"
72-->[com.google.firebase:firebase-messaging:25.0.1] AndroidManifest.xml:47:13-82
73            android:directBootAware="true"
73-->[com.google.firebase:firebase-messaging:25.0.1] AndroidManifest.xml:48:13-43
74            android:exported="false" >
74-->[com.google.firebase:firebase-messaging:25.0.1] AndroidManifest.xml:49:13-37
75            <intent-filter android:priority="-500" >
75-->[:capacitor-push-notifications] AndroidManifest.xml:11:13-13:29
76                <action android:name="com.google.firebase.MESSAGING_EVENT" />
76-->[:capacitor-push-notifications] AndroidManifest.xml:12:17-78
76-->[:capacitor-push-notifications] AndroidManifest.xml:12:25-75
77            </intent-filter>
78        </service>
79        <service
79-->[com.google.firebase:firebase-messaging:25.0.1] AndroidManifest.xml:54:9-63:19
80            android:name="com.google.firebase.components.ComponentDiscoveryService"
80-->[com.google.firebase:firebase-messaging:25.0.1] AndroidManifest.xml:55:13-84
81            android:directBootAware="true"
81-->[com.google.firebase:firebase-common:22.0.1] AndroidManifest.xml:32:13-43
82            android:exported="false" >
82-->[com.google.firebase:firebase-messaging:25.0.1] AndroidManifest.xml:56:13-37
83            <meta-data
83-->[com.google.firebase:firebase-messaging:25.0.1] AndroidManifest.xml:57:13-59:85
84                android:name="com.google.firebase.components:com.google.firebase.messaging.FirebaseMessagingKtxRegistrar"
84-->[com.google.firebase:firebase-messaging:25.0.1] AndroidManifest.xml:58:17-122
85                android:value="com.google.firebase.components.ComponentRegistrar" />
85-->[com.google.firebase:firebase-messaging:25.0.1] AndroidManifest.xml:59:17-82
86            <meta-data
86-->[com.google.firebase:firebase-messaging:25.0.1] AndroidManifest.xml:60:13-62:85
87                android:name="com.google.firebase.components:com.google.firebase.messaging.FirebaseMessagingRegistrar"
87-->[com.google.firebase:firebase-messaging:25.0.1] AndroidManifest.xml:61:17-119
88                android:value="com.google.firebase.components.ComponentRegistrar" />
88-->[com.google.firebase:firebase-messaging:25.0.1] AndroidManifest.xml:62:17-82
89            <meta-data
89-->[com.google.firebase:firebase-installations:18.0.0] AndroidManifest.xml:15:13-17:85
90                android:name="com.google.firebase.components:com.google.firebase.installations.FirebaseInstallationsKtxRegistrar"
90-->[com.google.firebase:firebase-installations:18.0.0] AndroidManifest.xml:16:17-130
91                android:value="com.google.firebase.components.ComponentRegistrar" />
91-->[com.google.firebase:firebase-installations:18.0.0] AndroidManifest.xml:17:17-82
92            <meta-data
92-->[com.google.firebase:firebase-installations:18.0.0] AndroidManifest.xml:18:13-20:85
93                android:name="com.google.firebase.components:com.google.firebase.installations.FirebaseInstallationsRegistrar"
93-->[com.google.firebase:firebase-installations:18.0.0] AndroidManifest.xml:19:17-127
94                android:value="com.google.firebase.components.ComponentRegistrar" />
94-->[com.google.firebase:firebase-installations:18.0.0] AndroidManifest.xml:20:17-82
95            <meta-data
95-->[com.google.firebase:firebase-common:22.0.1] AndroidManifest.xml:35:13-37:85
96                android:name="com.google.firebase.components:com.google.firebase.FirebaseCommonKtxRegistrar"
96-->[com.google.firebase:firebase-common:22.0.1] AndroidManifest.xml:36:17-109
97                android:value="com.google.firebase.components.ComponentRegistrar" />
97-->[com.google.firebase:firebase-common:22.0.1] AndroidManifest.xml:37:17-82
98            <meta-data
98-->[com.google.firebase:firebase-datatransport:18.2.0] AndroidManifest.xml:25:13-27:85
99                android:name="com.google.firebase.components:com.google.firebase.datatransport.TransportRegistrar"
99-->[com.google.firebase:firebase-datatransport:18.2.0] AndroidManifest.xml:26:17-115
100                android:value="com.google.firebase.components.ComponentRegistrar" />
100-->[com.google.firebase:firebase-datatransport:18.2.0] AndroidManifest.xml:27:17-82
101        </service>
102
103        <activity
103-->[com.google.android.gms:play-services-base:18.1.0] AndroidManifest.xml:20:9-22:45
104            android:name="com.google.android.gms.common.api.GoogleApiActivity"
104-->[com.google.android.gms:play-services-base:18.1.0] AndroidManifest.xml:20:19-85
105            android:exported="false"
105-->[com.google.android.gms:play-services-base:18.1.0] AndroidManifest.xml:22:19-43
106            android:theme="@android:style/Theme.Translucent.NoTitleBar" />
106-->[com.google.android.gms:play-services-base:18.1.0] AndroidManifest.xml:21:19-78
107
108        <provider
108-->[com.google.firebase:firebase-common:22.0.1] AndroidManifest.xml:23:9-28:39
109            android:name="com.google.firebase.provider.FirebaseInitProvider"
109-->[com.google.firebase:firebase-common:22.0.1] AndroidManifest.xml:24:13-77
110            android:authorities="com.aselco.ph.firebaseinitprovider"
110-->[com.google.firebase:firebase-common:22.0.1] AndroidManifest.xml:25:13-72
111            android:directBootAware="true"
111-->[com.google.firebase:firebase-common:22.0.1] AndroidManifest.xml:26:13-43
112            android:exported="false"
112-->[com.google.firebase:firebase-common:22.0.1] AndroidManifest.xml:27:13-37
113            android:initOrder="100" />
113-->[com.google.firebase:firebase-common:22.0.1] AndroidManifest.xml:28:13-36
114        <provider
114-->[androidx.emoji2:emoji2:1.3.0] AndroidManifest.xml:24:9-32:20
115            android:name="androidx.startup.InitializationProvider"
115-->[androidx.emoji2:emoji2:1.3.0] AndroidManifest.xml:25:13-67
116            android:authorities="com.aselco.ph.androidx-startup"
116-->[androidx.emoji2:emoji2:1.3.0] AndroidManifest.xml:26:13-68
117            android:exported="false" >
117-->[androidx.emoji2:emoji2:1.3.0] AndroidManifest.xml:27:13-37
118            <meta-data
118-->[androidx.emoji2:emoji2:1.3.0] AndroidManifest.xml:29:13-31:52
119                android:name="androidx.emoji2.text.EmojiCompatInitializer"
119-->[androidx.emoji2:emoji2:1.3.0] AndroidManifest.xml:30:17-75
120                android:value="androidx.startup" />
120-->[androidx.emoji2:emoji2:1.3.0] AndroidManifest.xml:31:17-49
121            <meta-data
121-->[androidx.lifecycle:lifecycle-process:2.6.2] AndroidManifest.xml:29:13-31:52
122                android:name="androidx.lifecycle.ProcessLifecycleInitializer"
122-->[androidx.lifecycle:lifecycle-process:2.6.2] AndroidManifest.xml:30:17-78
123                android:value="androidx.startup" />
123-->[androidx.lifecycle:lifecycle-process:2.6.2] AndroidManifest.xml:31:17-49
124            <meta-data
124-->[androidx.profileinstaller:profileinstaller:1.4.0] AndroidManifest.xml:29:13-31:52
125                android:name="androidx.profileinstaller.ProfileInstallerInitializer"
125-->[androidx.profileinstaller:profileinstaller:1.4.0] AndroidManifest.xml:30:17-85
126                android:value="androidx.startup" />
126-->[androidx.profileinstaller:profileinstaller:1.4.0] AndroidManifest.xml:31:17-49
127        </provider>
128
129        <meta-data
129-->[com.google.android.gms:play-services-basement:18.3.0] AndroidManifest.xml:21:9-23:69
130            android:name="com.google.android.gms.version"
130-->[com.google.android.gms:play-services-basement:18.3.0] AndroidManifest.xml:22:13-58
131            android:value="@integer/google_play_services_version" />
131-->[com.google.android.gms:play-services-basement:18.3.0] AndroidManifest.xml:23:13-66
132
133        <receiver
133-->[androidx.profileinstaller:profileinstaller:1.4.0] AndroidManifest.xml:34:9-52:20
134            android:name="androidx.profileinstaller.ProfileInstallReceiver"
134-->[androidx.profileinstaller:profileinstaller:1.4.0] AndroidManifest.xml:35:13-76
135            android:directBootAware="false"
135-->[androidx.profileinstaller:profileinstaller:1.4.0] AndroidManifest.xml:36:13-44
136            android:enabled="true"
136-->[androidx.profileinstaller:profileinstaller:1.4.0] AndroidManifest.xml:37:13-35
137            android:exported="true"
137-->[androidx.profileinstaller:profileinstaller:1.4.0] AndroidManifest.xml:38:13-36
138            android:permission="android.permission.DUMP" >
138-->[androidx.profileinstaller:profileinstaller:1.4.0] AndroidManifest.xml:39:13-57
139            <intent-filter>
139-->[androidx.profileinstaller:profileinstaller:1.4.0] AndroidManifest.xml:40:13-42:29
140                <action android:name="androidx.profileinstaller.action.INSTALL_PROFILE" />
140-->[androidx.profileinstaller:profileinstaller:1.4.0] AndroidManifest.xml:41:17-91
140-->[androidx.profileinstaller:profileinstaller:1.4.0] AndroidManifest.xml:41:25-88
141            </intent-filter>
142            <intent-filter>
142-->[androidx.profileinstaller:profileinstaller:1.4.0] AndroidManifest.xml:43:13-45:29
143                <action android:name="androidx.profileinstaller.action.SKIP_FILE" />
143-->[androidx.profileinstaller:profileinstaller:1.4.0] AndroidManifest.xml:44:17-85
143-->[androidx.profileinstaller:profileinstaller:1.4.0] AndroidManifest.xml:44:25-82
144            </intent-filter>
145            <intent-filter>
145-->[androidx.profileinstaller:profileinstaller:1.4.0] AndroidManifest.xml:46:13-48:29
146                <action android:name="androidx.profileinstaller.action.SAVE_PROFILE" />
146-->[androidx.profileinstaller:profileinstaller:1.4.0] AndroidManifest.xml:47:17-88
146-->[androidx.profileinstaller:profileinstaller:1.4.0] AndroidManifest.xml:47:25-85
147            </intent-filter>
148            <intent-filter>
148-->[androidx.profileinstaller:profileinstaller:1.4.0] AndroidManifest.xml:49:13-51:29
149                <action android:name="androidx.profileinstaller.action.BENCHMARK_OPERATION" />
149-->[androidx.profileinstaller:profileinstaller:1.4.0] AndroidManifest.xml:50:17-95
149-->[androidx.profileinstaller:profileinstaller:1.4.0] AndroidManifest.xml:50:25-92
150            </intent-filter>
151        </receiver>
152
153        <service
153-->[com.google.android.datatransport:transport-backend-cct:3.1.9] AndroidManifest.xml:28:9-34:19
154            android:name="com.google.android.datatransport.runtime.backends.TransportBackendDiscovery"
154-->[com.google.android.datatransport:transport-backend-cct:3.1.9] AndroidManifest.xml:29:13-103
155            android:exported="false" >
155-->[com.google.android.datatransport:transport-backend-cct:3.1.9] AndroidManifest.xml:30:13-37
156            <meta-data
156-->[com.google.android.datatransport:transport-backend-cct:3.1.9] AndroidManifest.xml:31:13-33:39
157                android:name="backend:com.google.android.datatransport.cct.CctBackendFactory"
157-->[com.google.android.datatransport:transport-backend-cct:3.1.9] AndroidManifest.xml:32:17-94
158                android:value="cct" />
158-->[com.google.android.datatransport:transport-backend-cct:3.1.9] AndroidManifest.xml:33:17-36
159        </service>
160        <service
160-->[com.google.android.datatransport:transport-runtime:3.1.9] AndroidManifest.xml:26:9-30:19
161            android:name="com.google.android.datatransport.runtime.scheduling.jobscheduling.JobInfoSchedulerService"
161-->[com.google.android.datatransport:transport-runtime:3.1.9] AndroidManifest.xml:27:13-117
162            android:exported="false"
162-->[com.google.android.datatransport:transport-runtime:3.1.9] AndroidManifest.xml:28:13-37
163            android:permission="android.permission.BIND_JOB_SERVICE" >
163-->[com.google.android.datatransport:transport-runtime:3.1.9] AndroidManifest.xml:29:13-69
164        </service>
165
166        <receiver
166-->[com.google.android.datatransport:transport-runtime:3.1.9] AndroidManifest.xml:32:9-34:40
167            android:name="com.google.android.datatransport.runtime.scheduling.jobscheduling.AlarmManagerSchedulerBroadcastReceiver"
167-->[com.google.android.datatransport:transport-runtime:3.1.9] AndroidManifest.xml:33:13-132
168            android:exported="false" />
168-->[com.google.android.datatransport:transport-runtime:3.1.9] AndroidManifest.xml:34:13-37
169    </application>
170
171</manifest>